<?xml version="1.0" encoding="UTF-8"?>
<!-- Generated by org.testng.reporters.JUnitReportReporter -->
<testsuite hostname="DESKTOP-91HLLFP" failures="0" tests="1" name="testcases.TC_001AccountRegisterTest" time="7.908" errors="0" timestamp="2024-10-02T17:23:44 IST" skipped="0">
  <testcase classname="testcases.TC_001AccountRegisterTest" name="verify_Acc_Register" time="7.908"/>
</testsuite> <!-- testcases.TC_001AccountRegisterTest -->
