<?xml version="1.0" encoding="UTF-8"?>
<!-- Generated by org.testng.reporters.JUnitReportReporter -->
<testsuite hostname="DESKTOP-91HLLFP" failures="0" tests="1" name="testcases.TC_002LoginTest" time="1.688" errors="0" timestamp="2024-10-03T13:44:28 IST" skipped="0">
  <testcase classname="testcases.TC_002LoginTest" name="Verify_Login" time="1.688"/>
</testsuite> <!-- testcases.TC_002LoginTest -->
