<?xml version="1.0" encoding="UTF-8"?>
<!-- Generated by org.testng.reporters.JUnitReportReporter -->
<testsuite hostname="DESKTOP-91HLLFP" failures="0" tests="1" name="testcases.TC_002LoginTest" time="3.561" errors="0" timestamp="2024-10-07T11:40:48 IST" skipped="0">
  <testcase classname="testcases.TC_002LoginTest" name="Verify_Login" time="3.561"/>
</testsuite> <!-- testcases.TC_002LoginTest -->
